Using pre-set license
Built from '2020.3/release' branch; Version is '2020.3.27f1 (e759542391ea) revision 15161684'; Using compiler version '192528614'; Build Type 'Release'
OS: 'Windows 11  (10.0.22000) 64bit Core' Language: 'en' Physical Memory: 7880 MB
BatchMode: 1, IsHumanControllingUs: 0, StartBugReporterOnCrash: 0, Is64bit: 1, IsPro: 0

COMMAND LINE ARGUMENTS:
C:\Program Files\Unity\Hub\Editor\2020.3.27f1\Editor\Unity.exe
-adb2
-batchMode
-noUpm
-name
AssetImportWorker0
-projectPath
C:/Users/cnelk/Documents/GitHub/JC_Chef_Codey/JC - Chef Codey
-logFile
Logs/AssetImportWorker0.log
-srvPort
56052
Successfully changed project path to: C:/Users/cnelk/Documents/GitHub/JC_Chef_Codey/JC - Chef Codey
C:/Users/cnelk/Documents/GitHub/JC_Chef_Codey/JC - Chef Codey
Using Asset Import Pipeline V2.
Refreshing native plugins compatible for Editor in 40.26 ms, found 2 plugins.
Preloading 0 native plugins for Editor in 0.00 ms.
Initialize engine version: 2020.3.27f1 (e759542391ea)
[Subsystems] Discovering subsystems at path C:/Program Files/Unity/Hub/Editor/2020.3.27f1/Editor/Data/Resources/UnitySubsystems
[Subsystems] Discovering subsystems at path C:/Users/cnelk/Documents/GitHub/JC_Chef_Codey/JC - Chef Codey/Assets
GfxDevice: creating device client; threaded=0
Direct3D:
    Version:  Direct3D 11.0 [level 11.1]
    Renderer: Intel(R) Iris(R) Plus Graphics (ID=0x8a52)
    Vendor:   
    VRAM:     3940 MB
    Driver:   27.20.100.9664
Initialize mono
Mono path[0] = 'C:/Program Files/Unity/Hub/Editor/2020.3.27f1/Editor/Data/Managed'
Mono path[1] = 'C:/Program Files/Unity/Hub/Editor/2020.3.27f1/Editor/Data/MonoBleedingEdge/lib/mono/unityjit'
Mono config path = 'C:/Program Files/Unity/Hub/Editor/2020.3.27f1/Editor/Data/MonoBleedingEdge/etc'
Using monoOptions --debugger-agent=transport=dt_socket,embedding=1,server=y,suspend=n,address=127.0.0.1:56636
Begin MonoManager ReloadAssembly
Registering precompiled unity dll's ...
Register platform support module: C:/Program Files/Unity/Hub/Editor/2020.3.27f1/Editor/Data/PlaybackEngines/WebGLSupport/UnityEditor.WebGL.Extensions.dll
Register platform support module: C:/Program Files/Unity/Hub/Editor/2020.3.27f1/Editor/Data/PlaybackEngines/WindowsStandaloneSupport/UnityEditor.WindowsStandalone.Extensions.dll
Registered in 0.002331 seconds.
Native extension for WindowsStandalone target not found
Native extension for WebGL target not found
Refreshing native plugins compatible for Editor in 38.36 ms, found 2 plugins.
Preloading 0 native plugins for Editor in 0.00 ms.
Mono: successfully reloaded assembly
- Completed reload, in  0.854 seconds
Domain Reload Profiling:
	ReloadAssembly (854ms)
		BeginReloadAssembly (99ms)
			ExecutionOrderSort (0ms)
			DisableScriptedObjects (0ms)
			BackupInstance (0ms)
			ReleaseScriptingObjects (0ms)
			CreateAndSetChildDomain (1ms)
		EndReloadAssembly (634ms)
			LoadAssemblies (97ms)
			RebuildTransferFunctionScriptingTraits (0ms)
			SetupTypeCache (224ms)
			ReleaseScriptCaches (0ms)
			RebuildScriptCaches (48ms)
			SetupLoadedEditorAssemblies (213ms)
				LogAssemblyErrors (0ms)
				InitializePlatformSupportModulesInManaged (8ms)
				SetLoadedEditorAssemblies (0ms)
				RefreshPlugins (39ms)
				BeforeProcessingInitializeOnLoad (24ms)
				ProcessInitializeOnLoadAttributes (103ms)
				ProcessInitializeOnLoadMethodAttributes (38ms)
				AfterProcessingInitializeOnLoad (0ms)
				EditorAssembliesLoaded (0ms)
			ExecutionOrderSort2 (0ms)
			AwakeInstancesAfterBackupRestoration (0ms)
Platform modules already initialized, skipping
Registering precompiled user dll's ...
Registered in 0.004172 seconds.
Begin MonoManager ReloadAssembly
Native extension for WindowsStandalone target not found
Native extension for WebGL target not found
Refreshing native plugins compatible for Editor in 0.45 ms, found 2 plugins.
Preloading 0 native plugins for Editor in 0.00 ms.
Mono: successfully reloaded assembly
- Completed reload, in  1.259 seconds
Domain Reload Profiling:
	ReloadAssembly (1261ms)
		BeginReloadAssembly (192ms)
			ExecutionOrderSort (0ms)
			DisableScriptedObjects (5ms)
			BackupInstance (0ms)
			ReleaseScriptingObjects (0ms)
			CreateAndSetChildDomain (21ms)
		EndReloadAssembly (994ms)
			LoadAssemblies (118ms)
			RebuildTransferFunctionScriptingTraits (0ms)
			SetupTypeCache (311ms)
			ReleaseScriptCaches (0ms)
			RebuildScriptCaches (45ms)
			SetupLoadedEditorAssemblies (415ms)
				LogAssemblyErrors (0ms)
				InitializePlatformSupportModulesInManaged (7ms)
				SetLoadedEditorAssemblies (1ms)
				RefreshPlugins (1ms)
				BeforeProcessingInitializeOnLoad (106ms)
				ProcessInitializeOnLoadAttributes (283ms)
				ProcessInitializeOnLoadMethodAttributes (11ms)
				AfterProcessingInitializeOnLoad (8ms)
				EditorAssembliesLoaded (0ms)
			ExecutionOrderSort2 (0ms)
			AwakeInstancesAfterBackupRestoration (8ms)
Platform modules already initialized, skipping
========================================================================
Worker process is ready to serve import requests
Launched and connected shader compiler UnityShaderCompiler.exe after 0.06 seconds
Refreshing native plugins compatible for Editor in 0.45 ms, found 2 plugins.
Preloading 0 native plugins for Editor in 0.00 ms.
Unloading 1503 Unused Serialized files (Serialized files now loaded: 0)
System memory in use before: 67.5 MB.
System memory in use after: 67.6 MB.

Unloading 19 unused Assets to reduce memory usage. Loaded Objects now: 1935.
Total: 3.118900 ms (FindLiveObjects: 0.126700 ms CreateObjectMapping: 0.049100 ms MarkObjects: 2.822000 ms  DeleteObjects: 0.119900 ms)

AssetImportParameters requested are different than current active one (requested -> active):
  custom:framework-win-MediaFoundation: 216162199b28c13a410421893ffa2e32 -> 
  custom:video-decoder-ogg-theora: a1e56fd34408186e4bbccfd4996cb3dc -> 
  custom:container-muxer-webm: aa71ff27fc2769a1b78a27578f13a17b -> 
  custom:container-demuxer-webm: 4f35f7cbe854078d1ac9338744f61a02 -> 
  custom:container-demuxer-ogg: 62fdf1f143b41e24485cea50d1cbac27 -> 
  custom:video-encoder-webm-vp8: eb34c28f22e8b96e1ab97ce403110664 -> 
  custom:video-decoder-webm-vp8: 9c59270c3fd7afecdb556c50c9e8de78 -> 
  custom:audio-decoder-ogg-vorbis: bf7c407c2cedff20999df2af8eb42d56 -> 
  custom:audio-encoder-webm-vorbis: bf7c407c2cedff20999df2af8eb42d56 -> 
========================================================================
Received Import Request.
  path: Assets/Scenes
  artifactKey: Guid(8f608e5e30e9a1e44a488554a6d2fddc) Importer(815301076,1909f56bfc062723c751e8b465ee728b)
Start importing Assets/Scenes using Guid(8f608e5e30e9a1e44a488554a6d2fddc) Importer(815301076,1909f56bfc062723c751e8b465ee728b)  -> (artifact id: '53b4f5860e85eefae64e4aa70f303802') in 0.006178 seconds 
  Import took 0.011010 seconds .

========================================================================
Received Import Request.
  Time since last request: 0.000768 seconds.
  path: Assets/Scenes/SampleScene.unity
  artifactKey: Guid(9fc0d4010bbf28b4594072e72b8655ab) Importer(815301076,1909f56bfc062723c751e8b465ee728b)
Start importing Assets/Scenes/SampleScene.unity using Guid(9fc0d4010bbf28b4594072e72b8655ab) Importer(815301076,1909f56bfc062723c751e8b465ee728b)  -> (artifact id: '85059f4f9e1a832ed95adaa0d25c5c4c') in 0.023762 seconds 
  Import took 0.028947 seconds .

========================================================================
Received Import Request.
  Time since last request: 3.133078 seconds.
  path: Assets/Scenes/Chef Codey.unity
  artifactKey: Guid(9fc0d4010bbf28b4594072e72b8655ab) Importer(815301076,1909f56bfc062723c751e8b465ee728b)
Start importing Assets/Scenes/Chef Codey.unity using Guid(9fc0d4010bbf28b4594072e72b8655ab) Importer(815301076,1909f56bfc062723c751e8b465ee728b)  -> (artifact id: 'c11cca2f3143c2cd22558add61f08431') in 0.006841 seconds 
  Import took 0.014183 seconds .

========================================================================
Received Prepare
Registering precompiled user dll's ...
Registered in 0.005294 seconds.
Begin MonoManager ReloadAssembly
Native extension for WindowsStandalone target not found
Native extension for WebGL target not found
Refreshing native plugins compatible for Editor in 0.33 ms, found 2 plugins.
Preloading 0 native plugins for Editor in 0.00 ms.
Invalid AssetDatabase path: /Editor/EditorResources/cm_logo_sm.png. Use path relative to the project folder.
UnityEngine.StackTraceUtility:ExtractStackTrace ()
UnityEditor.AssetDatabase:LoadAssetAtPath<UnityEngine.Texture2D> (string)
Cinemachine.Editor.CinemachineSettings:get_CinemachineLogoTexture () (at Library/PackageCache/com.unity.cinemachine@2.6.17/Editor/Windows/CinemachineSettings.cs:205)
Cinemachine.Editor.CinemachineSettings:.cctor () (at Library/PackageCache/com.unity.cinemachine@2.6.17/Editor/Windows/CinemachineSettings.cs:261)
Cinemachine.CinemachineColliderPrefs:.cctor () (at Library/PackageCache/com.unity.cinemachine@2.6.17/Editor/Windows/CinemachineColliderPrefs.cs:61)
System.Runtime.CompilerServices.RuntimeHelpers:RunClassConstructor (System.RuntimeTypeHandle)
UnityEditor.EditorAssemblies:ProcessInitializeOnLoadAttributes (System.Type[])

[Library/PackageCache/com.unity.cinemachine@2.6.17/Editor/Windows/CinemachineSettings.cs line 205]

Invalid AssetDatabase path: /Editor/EditorResources/cm_logo_sm.png. Use path relative to the project folder.
UnityEngine.StackTraceUtility:ExtractStackTrace ()
UnityEditor.AssetDatabase:LoadAssetAtPath<UnityEngine.Texture2D> (string)
Cinemachine.Editor.CinemachineSettings:get_CinemachineLogoTexture () (at Library/PackageCache/com.unity.cinemachine@2.6.17/Editor/Windows/CinemachineSettings.cs:205)
Cinemachine.Editor.CinemachineSettings:OnPackageLoadedInEditor () (at Library/PackageCache/com.unity.cinemachine@2.6.17/Editor/Windows/CinemachineSettings.cs:246)
System.Reflection.MonoMethod:Invoke (object,System.Reflection.BindingFlags,System.Reflection.Binder,object[],System.Globalization.CultureInfo)
System.Reflection.MethodBase:Invoke (object,object[])
UnityEditor.EditorAssemblies:ProcessInitializeOnLoadMethodAttributes ()

[Library/PackageCache/com.unity.cinemachine@2.6.17/Editor/Windows/CinemachineSettings.cs line 205]

Mono: successfully reloaded assembly
- Completed reload, in  1.139 seconds
Domain Reload Profiling:
	ReloadAssembly (1140ms)
		BeginReloadAssembly (130ms)
			ExecutionOrderSort (0ms)
			DisableScriptedObjects (6ms)
			BackupInstance (0ms)
			ReleaseScriptingObjects (0ms)
			CreateAndSetChildDomain (38ms)
		EndReloadAssembly (940ms)
			LoadAssemblies (110ms)
			RebuildTransferFunctionScriptingTraits (0ms)
			SetupTypeCache (324ms)
			ReleaseScriptCaches (2ms)
			RebuildScriptCaches (44ms)
			SetupLoadedEditorAssemblies (367ms)
				LogAssemblyErrors (0ms)
				InitializePlatformSupportModulesInManaged (7ms)
				SetLoadedEditorAssemblies (1ms)
				RefreshPlugins (0ms)
				BeforeProcessingInitializeOnLoad (85ms)
				ProcessInitializeOnLoadAttributes (258ms)
				ProcessInitializeOnLoadMethodAttributes (11ms)
				AfterProcessingInitializeOnLoad (5ms)
				EditorAssembliesLoaded (0ms)
			ExecutionOrderSort2 (0ms)
			AwakeInstancesAfterBackupRestoration (6ms)
Platform modules already initialized, skipping
Refreshing native plugins compatible for Editor in 0.54 ms, found 2 plugins.
Preloading 0 native plugins for Editor in 0.00 ms.
Unloading 1644 Unused Serialized files (Serialized files now loaded: 0)
System memory in use before: 73.4 MB.
System memory in use after: 73.4 MB.

Unloading 15 unused Assets to reduce memory usage. Loaded Objects now: 2083.
Total: 4.796400 ms (FindLiveObjects: 0.224000 ms CreateObjectMapping: 0.314900 ms MarkObjects: 4.166000 ms  DeleteObjects: 0.089800 ms)

AssetImportParameters requested are different than current active one (requested -> active):
  custom:framework-win-MediaFoundation: 216162199b28c13a410421893ffa2e32 -> 
  custom:video-decoder-ogg-theora: a1e56fd34408186e4bbccfd4996cb3dc -> 
  custom:container-muxer-webm: aa71ff27fc2769a1b78a27578f13a17b -> 
  custom:container-demuxer-webm: 4f35f7cbe854078d1ac9338744f61a02 -> 
  custom:container-demuxer-ogg: 62fdf1f143b41e24485cea50d1cbac27 -> 
  custom:video-encoder-webm-vp8: eb34c28f22e8b96e1ab97ce403110664 -> 
  custom:video-decoder-webm-vp8: 9c59270c3fd7afecdb556c50c9e8de78 -> 
  custom:audio-decoder-ogg-vorbis: bf7c407c2cedff20999df2af8eb42d56 -> 
  custom:audio-encoder-webm-vorbis: bf7c407c2cedff20999df2af8eb42d56 -> 
========================================================================
Received Prepare
Registering precompiled user dll's ...
Registered in 0.008207 seconds.
Begin MonoManager ReloadAssembly
Native extension for WindowsStandalone target not found
Native extension for WebGL target not found
Refreshing native plugins compatible for Editor in 0.54 ms, found 2 plugins.
Preloading 0 native plugins for Editor in 0.00 ms.
Mono: successfully reloaded assembly
- Completed reload, in  1.348 seconds
Domain Reload Profiling:
	ReloadAssembly (1349ms)
		BeginReloadAssembly (164ms)
			ExecutionOrderSort (0ms)
			DisableScriptedObjects (6ms)
			BackupInstance (0ms)
			ReleaseScriptingObjects (0ms)
			CreateAndSetChildDomain (46ms)
		EndReloadAssembly (1083ms)
			LoadAssemblies (152ms)
			RebuildTransferFunctionScriptingTraits (0ms)
			SetupTypeCache (399ms)
			ReleaseScriptCaches (1ms)
			RebuildScriptCaches (53ms)
			SetupLoadedEditorAssemblies (387ms)
				LogAssemblyErrors (0ms)
				InitializePlatformSupportModulesInManaged (7ms)
				SetLoadedEditorAssemblies (1ms)
				RefreshPlugins (1ms)
				BeforeProcessingInitializeOnLoad (95ms)
				ProcessInitializeOnLoadAttributes (265ms)
				ProcessInitializeOnLoadMethodAttributes (12ms)
				AfterProcessingInitializeOnLoad (5ms)
				EditorAssembliesLoaded (0ms)
			ExecutionOrderSort2 (0ms)
			AwakeInstancesAfterBackupRestoration (9ms)
Platform modules already initialized, skipping
Refreshing native plugins compatible for Editor in 0.43 ms, found 2 plugins.
Preloading 0 native plugins for Editor in 0.00 ms.
Unloading 1646 Unused Serialized files (Serialized files now loaded: 0)
System memory in use before: 73.5 MB.
System memory in use after: 73.6 MB.

Unloading 16 unused Assets to reduce memory usage. Loaded Objects now: 2087.
Total: 3.590800 ms (FindLiveObjects: 0.221600 ms CreateObjectMapping: 0.084000 ms MarkObjects: 3.188400 ms  DeleteObjects: 0.095000 ms)

AssetImportParameters requested are different than current active one (requested -> active):
  custom:framework-win-MediaFoundation: 216162199b28c13a410421893ffa2e32 -> 
  custom:video-decoder-ogg-theora: a1e56fd34408186e4bbccfd4996cb3dc -> 
  custom:container-muxer-webm: aa71ff27fc2769a1b78a27578f13a17b -> 
  custom:container-demuxer-webm: 4f35f7cbe854078d1ac9338744f61a02 -> 
  custom:container-demuxer-ogg: 62fdf1f143b41e24485cea50d1cbac27 -> 
  custom:video-encoder-webm-vp8: eb34c28f22e8b96e1ab97ce403110664 -> 
  custom:video-decoder-webm-vp8: 9c59270c3fd7afecdb556c50c9e8de78 -> 
  custom:audio-decoder-ogg-vorbis: bf7c407c2cedff20999df2af8eb42d56 -> 
  custom:audio-encoder-webm-vorbis: bf7c407c2cedff20999df2af8eb42d56 -> 
========================================================================
Received Import Request.
  Time since last request: 620.091042 seconds.
  path: Assets/Models/Codey.fbx
  artifactKey: Guid(dd440ca71eec7cb48b4ceee78211b635) Importer(815301076,1909f56bfc062723c751e8b465ee728b)
Start importing Assets/Models/Codey.fbx using Guid(dd440ca71eec7cb48b4ceee78211b635) Importer(815301076,1909f56bfc062723c751e8b465ee728b)  -> (artifact id: 'deafcfb0ddcd35e2d6c1222497657d17') in 0.281046 seconds 
  Import took 0.285744 seconds .

========================================================================
Received Import Request.
  Time since last request: 1.520293 seconds.
  path: Assets/Prefabs/Codey Variant.prefab
  artifactKey: Guid(b32bd5e0a44542f40b06626d0f879530) Importer(815301076,1909f56bfc062723c751e8b465ee728b)
Start importing Assets/Prefabs/Codey Variant.prefab using Guid(b32bd5e0a44542f40b06626d0f879530) Importer(815301076,1909f56bfc062723c751e8b465ee728b)  -> (artifact id: '601060e283c12d7eacd8288d5cf38ad0') in 0.241173 seconds 
  Import took 0.247463 seconds .

========================================================================
Received Import Request.
  Time since last request: 0.523690 seconds.
  path: Assets/Materials/avatar-scale.mat
  artifactKey: Guid(5e479af1fefef1441a321f9ba31ccac4) Importer(815301076,1909f56bfc062723c751e8b465ee728b)
Start importing Assets/Materials/avatar-scale.mat using Guid(5e479af1fefef1441a321f9ba31ccac4) Importer(815301076,1909f56bfc062723c751e8b465ee728b)  -> (artifact id: '22fad82010eeba20a2c0fa0dc189f10d') in 0.029780 seconds 
  Import took 0.034615 seconds .

========================================================================
Received Import Request.
  Time since last request: 0.000578 seconds.
  path: Assets/Materials/CodeyShader.mat
  artifactKey: Guid(3492891162e45ec4297f9c71509e8f3e) Importer(815301076,1909f56bfc062723c751e8b465ee728b)
Start importing Assets/Materials/CodeyShader.mat using Guid(3492891162e45ec4297f9c71509e8f3e) Importer(815301076,1909f56bfc062723c751e8b465ee728b)  -> (artifact id: '491b3dc2dcfeb87f7737c2bc9d86f196') in 0.045187 seconds 
  Import took 0.049846 seconds .

========================================================================
Received Import Request.
  Time since last request: 0.000750 seconds.
  path: Assets/Materials/CodeyTexture.mat
  artifactKey: Guid(8b1710ca63201694da8be04592dfd4ac) Importer(815301076,1909f56bfc062723c751e8b465ee728b)
Start importing Assets/Materials/CodeyTexture.mat using Guid(8b1710ca63201694da8be04592dfd4ac) Importer(815301076,1909f56bfc062723c751e8b465ee728b)  -> (artifact id: '9e9850a4f42a79ed0716397dc5b68439') in 0.048493 seconds 
  Import took 0.053261 seconds .

========================================================================
Received Import Request.
  Time since last request: 0.489387 seconds.
  path: Assets/Animations/Codey@CrouchStatic.fbx
  artifactKey: Guid(1a3d32d19035b5444a8efaf68cc916cd) Importer(815301076,1909f56bfc062723c751e8b465ee728b)
Start importing Assets/Animations/Codey@CrouchStatic.fbx using Guid(1a3d32d19035b5444a8efaf68cc916cd) Importer(815301076,1909f56bfc062723c751e8b465ee728b)  -> (artifact id: '668dadf6334aeffccd8a6ade8853cf49') in 0.017616 seconds 
  Import took 0.022813 seconds .

========================================================================
Received Import Request.
  Time since last request: 0.000725 seconds.
  path: Assets/Animations/Codey@InAir.fbx
  artifactKey: Guid(99651e99d8ca4cd4cbcafbaac59c45d7) Importer(815301076,1909f56bfc062723c751e8b465ee728b)
Start importing Assets/Animations/Codey@InAir.fbx using Guid(99651e99d8ca4cd4cbcafbaac59c45d7) Importer(815301076,1909f56bfc062723c751e8b465ee728b)  -> (artifact id: '92adb221e091a68e7c5c19ba552d4e87') in 0.020106 seconds 
  Import took 0.025457 seconds .

========================================================================
Received Import Request.
  Time since last request: 0.000626 seconds.
  path: Assets/Animations/Codey@walk.fbx
  artifactKey: Guid(5e8ade45cb202954aa3822934bb3d9cc) Importer(815301076,1909f56bfc062723c751e8b465ee728b)
Start importing Assets/Animations/Codey@walk.fbx using Guid(5e8ade45cb202954aa3822934bb3d9cc) Importer(815301076,1909f56bfc062723c751e8b465ee728b)  -> (artifact id: 'a2bfa46d37fce2aca71e1a3c561365ce') in 0.016847 seconds 
  Import took 0.024169 seconds .

========================================================================
Received Import Request.
  Time since last request: 0.001104 seconds.
  path: Assets/Animations/Codey@idleStand.fbx
  artifactKey: Guid(c8f0c5b4087622b46bff29cf9a3eb5b1) Importer(815301076,1909f56bfc062723c751e8b465ee728b)
Start importing Assets/Animations/Codey@idleStand.fbx using Guid(c8f0c5b4087622b46bff29cf9a3eb5b1) Importer(815301076,1909f56bfc062723c751e8b465ee728b)  -> (artifact id: '4394a70168fff7fc2d0ad1c45ec9f810') in 0.019702 seconds 
  Import took 0.027959 seconds .

========================================================================
Received Import Request.
  Time since last request: 0.000725 seconds.
  path: Assets/Animations/Codey@InAirHandsUp 1.fbx
  artifactKey: Guid(5ca5fe3859420154e9790ef4f09d9538) Importer(815301076,1909f56bfc062723c751e8b465ee728b)
Start importing Assets/Animations/Codey@InAirHandsUp 1.fbx using Guid(5ca5fe3859420154e9790ef4f09d9538) Importer(815301076,1909f56bfc062723c751e8b465ee728b)  -> (artifact id: '12da967e6537449993fd73ef9a019b8f') in 0.020955 seconds 
  Import took 0.029761 seconds .

========================================================================
Received Import Request.
  Time since last request: 0.000557 seconds.
  path: Assets/Animations/Codey@run.fbx
  artifactKey: Guid(a096dd8c9e466b94c81d7f4d96f99b7b) Importer(815301076,1909f56bfc062723c751e8b465ee728b)
Start importing Assets/Animations/Codey@run.fbx using Guid(a096dd8c9e466b94c81d7f4d96f99b7b) Importer(815301076,1909f56bfc062723c751e8b465ee728b)  -> (artifact id: '7eead1184df4e6187291050f59fbc5a5') in 0.020681 seconds 
  Import took 0.027644 seconds .

========================================================================
Received Import Request.
  Time since last request: 278.363155 seconds.
  path: Assets/Textures/CodeyTexture.jpg
  artifactKey: Guid(495f0c5f80111714abd9d375e2235087) Importer(815301076,1909f56bfc062723c751e8b465ee728b)
Start importing Assets/Textures/CodeyTexture.jpg using Guid(495f0c5f80111714abd9d375e2235087) Importer(815301076,1909f56bfc062723c751e8b465ee728b)  -> (artifact id: 'd75707ce651e150cc67c3254b83997bc') in 0.061670 seconds 
  Import took 0.066552 seconds .

========================================================================
Received Import Request.
  Time since last request: 4.702827 seconds.
  path: Assets/Hand Painted Seamless Wood Texture/Materials
  artifactKey: Guid(d365b809516b91947ad091652874cf4a) Importer(815301076,1909f56bfc062723c751e8b465ee728b)
Start importing Assets/Hand Painted Seamless Wood Texture/Materials using Guid(d365b809516b91947ad091652874cf4a) Importer(815301076,1909f56bfc062723c751e8b465ee728b)  -> (artifact id: '7b7b6c999e23fa8100903f2b279ed4dd') in 0.002157 seconds 
  Import took 0.006614 seconds .

========================================================================
Received Import Request.
  Time since last request: 0.302591 seconds.
  path: Assets/Hand Painted Seamless Wood Texture/Textures
  artifactKey: Guid(bc30a6802bc4a7f44a2d0d2d8168d77d) Importer(815301076,1909f56bfc062723c751e8b465ee728b)
Start importing Assets/Hand Painted Seamless Wood Texture/Textures using Guid(bc30a6802bc4a7f44a2d0d2d8168d77d) Importer(815301076,1909f56bfc062723c751e8b465ee728b)  -> (artifact id: '0247cdf3a0e1d98768fc4b35d8446ecb') in 0.007461 seconds 
  Import took 0.017892 seconds .

========================================================================
Received Import Request.
  Time since last request: 0.048878 seconds.
  path: Assets/Hand Painted Seamless Wood Texture/Textures/Wood1.tga
  artifactKey: Guid(631f4638e5d3f984f859365bccca3d18) Importer(815301076,1909f56bfc062723c751e8b465ee728b)
Start importing Assets/Hand Painted Seamless Wood Texture/Textures/Wood1.tga using Guid(631f4638e5d3f984f859365bccca3d18) Importer(815301076,1909f56bfc062723c751e8b465ee728b)  -> (artifact id: '12d83df9fc4ead889c802495956914bf') in 0.026112 seconds 
  Import took 0.034273 seconds .

========================================================================
Received Import Request.
  Time since last request: 0.000483 seconds.
  path: Assets/Hand Painted Seamless Wood Texture/Textures/Wood2.tga
  artifactKey: Guid(fa79f310fc4924e4cabca0791e343bfb) Importer(815301076,1909f56bfc062723c751e8b465ee728b)
Start importing Assets/Hand Painted Seamless Wood Texture/Textures/Wood2.tga using Guid(fa79f310fc4924e4cabca0791e343bfb) Importer(815301076,1909f56bfc062723c751e8b465ee728b)  -> (artifact id: 'd3ba33c40a86a46be43996359e3bc7e9') in 0.031162 seconds 
  Import took 0.041967 seconds .

========================================================================
Received Import Request.
  Time since last request: 0.000499 seconds.
  path: Assets/Hand Painted Seamless Wood Texture/Textures/Wood3.tga
  artifactKey: Guid(3c63e2e318876fc4ebc6ba149de82007) Importer(815301076,1909f56bfc062723c751e8b465ee728b)
Start importing Assets/Hand Painted Seamless Wood Texture/Textures/Wood3.tga using Guid(3c63e2e318876fc4ebc6ba149de82007) Importer(815301076,1909f56bfc062723c751e8b465ee728b)  -> (artifact id: '5530321635470a758354a9f0571ce3c4') in 0.025017 seconds 
  Import took 0.037547 seconds .

========================================================================
Received Prepare
Registering precompiled user dll's ...
Registered in 0.010698 seconds.
Begin MonoManager ReloadAssembly
Native extension for WindowsStandalone target not found
Native extension for WebGL target not found
Refreshing native plugins compatible for Editor in 0.37 ms, found 2 plugins.
Preloading 0 native plugins for Editor in 0.00 ms.
Mono: successfully reloaded assembly
- Completed reload, in  1.486 seconds
Domain Reload Profiling:
	ReloadAssembly (1487ms)
		BeginReloadAssembly (157ms)
			ExecutionOrderSort (0ms)
			DisableScriptedObjects (4ms)
			BackupInstance (0ms)
			ReleaseScriptingObjects (0ms)
			CreateAndSetChildDomain (52ms)
		EndReloadAssembly (1194ms)
			LoadAssemblies (168ms)
			RebuildTransferFunctionScriptingTraits (0ms)
			SetupTypeCache (439ms)
			ReleaseScriptCaches (1ms)
			RebuildScriptCaches (78ms)
			SetupLoadedEditorAssemblies (416ms)
				LogAssemblyErrors (0ms)
				InitializePlatformSupportModulesInManaged (8ms)
				SetLoadedEditorAssemblies (1ms)
				RefreshPlugins (0ms)
				BeforeProcessingInitializeOnLoad (134ms)
				ProcessInitializeOnLoadAttributes (256ms)
				ProcessInitializeOnLoadMethodAttributes (11ms)
				AfterProcessingInitializeOnLoad (5ms)
				EditorAssembliesLoaded (0ms)
			ExecutionOrderSort2 (0ms)
			AwakeInstancesAfterBackupRestoration (10ms)
Platform modules already initialized, skipping
Refreshing native plugins compatible for Editor in 0.36 ms, found 2 plugins.
Preloading 0 native plugins for Editor in 0.00 ms.
Unloading 1645 Unused Serialized files (Serialized files now loaded: 0)
System memory in use before: 91.0 MB.
System memory in use after: 91.1 MB.

Unloading 17 unused Assets to reduce memory usage. Loaded Objects now: 2135.
Total: 3.927300 ms (FindLiveObjects: 0.623500 ms CreateObjectMapping: 0.072700 ms MarkObjects: 3.153100 ms  DeleteObjects: 0.066500 ms)

AssetImportParameters requested are different than current active one (requested -> active):
  custom:framework-win-MediaFoundation: 216162199b28c13a410421893ffa2e32 -> 
  custom:video-decoder-ogg-theora: a1e56fd34408186e4bbccfd4996cb3dc -> 
  custom:container-muxer-webm: aa71ff27fc2769a1b78a27578f13a17b -> 
  custom:container-demuxer-webm: 4f35f7cbe854078d1ac9338744f61a02 -> 
  custom:container-demuxer-ogg: 62fdf1f143b41e24485cea50d1cbac27 -> 
  custom:video-encoder-webm-vp8: eb34c28f22e8b96e1ab97ce403110664 -> 
  custom:video-decoder-webm-vp8: 9c59270c3fd7afecdb556c50c9e8de78 -> 
  custom:audio-decoder-ogg-vorbis: bf7c407c2cedff20999df2af8eb42d56 -> 
  custom:audio-encoder-webm-vorbis: bf7c407c2cedff20999df2af8eb42d56 -> 
========================================================================
Received Import Request.
  Time since last request: 1257.738099 seconds.
  path: Assets/Hand Painted Seamless Wood Texture/Materials/M_Wood1.mat
  artifactKey: Guid(71e8951740b2a224480948e4515f6e2f) Importer(815301076,1909f56bfc062723c751e8b465ee728b)
Start importing Assets/Hand Painted Seamless Wood Texture/Materials/M_Wood1.mat using Guid(71e8951740b2a224480948e4515f6e2f) Importer(815301076,1909f56bfc062723c751e8b465ee728b)  -> (artifact id: '2dc5e822901582b792e743c75883f208') in 0.252711 seconds 
  Import took 0.259686 seconds .

========================================================================
Received Import Request.
  Time since last request: 0.000340 seconds.
  path: Assets/Hand Painted Seamless Wood Texture/Materials/M_Wood2.mat
  artifactKey: Guid(3e3fe7d08624f594bb8e96487091bd1a) Importer(815301076,1909f56bfc062723c751e8b465ee728b)
Start importing Assets/Hand Painted Seamless Wood Texture/Materials/M_Wood2.mat using Guid(3e3fe7d08624f594bb8e96487091bd1a) Importer(815301076,1909f56bfc062723c751e8b465ee728b)  -> (artifact id: '3cd729543ab597a4ca9c32bbf554c673') in 0.021230 seconds 
  Import took 0.026248 seconds .

========================================================================
Received Import Request.
  Time since last request: 0.000678 seconds.
  path: Assets/Hand Painted Seamless Wood Texture/Materials/M_Wood3.mat
  artifactKey: Guid(df52f4d0325777d49bbe6e566536e284) Importer(815301076,1909f56bfc062723c751e8b465ee728b)
Start importing Assets/Hand Painted Seamless Wood Texture/Materials/M_Wood3.mat using Guid(df52f4d0325777d49bbe6e566536e284) Importer(815301076,1909f56bfc062723c751e8b465ee728b)  -> (artifact id: '42565dd1065fda4bfbdf5eda81a5e9a2') in 0.027240 seconds 
  Import took 0.031386 seconds .

========================================================================
Received Import Request.
  Time since last request: 192.554551 seconds.
  path: Assets/pbr_textures/textures
  artifactKey: Guid(ef7cbb9de6488d547a1aaa9a974b1f62) Importer(815301076,1909f56bfc062723c751e8b465ee728b)
Start importing Assets/pbr_textures/textures using Guid(ef7cbb9de6488d547a1aaa9a974b1f62) Importer(815301076,1909f56bfc062723c751e8b465ee728b)  -> (artifact id: '8b650b05756ae343bf82152f8a7b2fc3') in 0.003094 seconds 
  Import took 0.030814 seconds .

========================================================================
Received Import Request.
  Time since last request: 0.054204 seconds.
  path: Assets/pbr_textures/textures/albedo.psd
  artifactKey: Guid(b96feb90cf7cef34cb81b61b2cdd1fd1) Importer(815301076,1909f56bfc062723c751e8b465ee728b)
Start importing Assets/pbr_textures/textures/albedo.psd using Guid(b96feb90cf7cef34cb81b61b2cdd1fd1) Importer(815301076,1909f56bfc062723c751e8b465ee728b)  -> (artifact id: '01f63e5e2eb15eea83522e186088abb1') in 0.028354 seconds 
  Import took 0.032191 seconds .

========================================================================
Received Import Request.
  Time since last request: 0.000244 seconds.
  path: Assets/pbr_textures/textures/height.psd
  artifactKey: Guid(9a50f38d2c090e44aa7418215ef8db22) Importer(815301076,1909f56bfc062723c751e8b465ee728b)
Start importing Assets/pbr_textures/textures/height.psd using Guid(9a50f38d2c090e44aa7418215ef8db22) Importer(815301076,1909f56bfc062723c751e8b465ee728b)  -> (artifact id: 'a226928f5a813c52495efb2310b3a035') in 0.019538 seconds 
  Import took 0.022744 seconds .

========================================================================
Received Import Request.
  Time since last request: 0.000433 seconds.
  path: Assets/pbr_textures/textures/ao.psd
  artifactKey: Guid(7522a745ce0358643b7385083b5b3dd7) Importer(815301076,1909f56bfc062723c751e8b465ee728b)
Start importing Assets/pbr_textures/textures/ao.psd using Guid(7522a745ce0358643b7385083b5b3dd7) Importer(815301076,1909f56bfc062723c751e8b465ee728b)  -> (artifact id: 'c190787d03529b2a1d485169e0d71e42') in 0.032529 seconds 
  Import took 0.038175 seconds .

========================================================================
Received Import Request.
  Time since last request: 0.000691 seconds.
  path: Assets/pbr_textures/textures/metallic.psd
  artifactKey: Guid(01b805cb6299c094a817824795c0b479) Importer(815301076,1909f56bfc062723c751e8b465ee728b)
Start importing Assets/pbr_textures/textures/metallic.psd using Guid(01b805cb6299c094a817824795c0b479) Importer(815301076,1909f56bfc062723c751e8b465ee728b)  -> (artifact id: '2569e6321c747198173cc3690a24f9f9') in 0.023265 seconds 
  Import took 0.030919 seconds .

========================================================================
Received Import Request.
  Time since last request: 0.000421 seconds.
  path: Assets/pbr_textures/textures/normal.psd
  artifactKey: Guid(cf6e5b0bb3cdff240a3ad2785ae037f8) Importer(815301076,1909f56bfc062723c751e8b465ee728b)
Start importing Assets/pbr_textures/textures/normal.psd using Guid(cf6e5b0bb3cdff240a3ad2785ae037f8) Importer(815301076,1909f56bfc062723c751e8b465ee728b)  -> (artifact id: '614929d0f1c40733d32055f7ea0da49a') in 0.106285 seconds 
  Import took 0.112490 seconds .

========================================================================
Received Prepare
Registering precompiled user dll's ...
Registered in 0.004245 seconds.
Begin MonoManager ReloadAssembly
Native extension for WindowsStandalone target not found
Native extension for WebGL target not found
Refreshing native plugins compatible for Editor in 0.35 ms, found 2 plugins.
Preloading 0 native plugins for Editor in 0.00 ms.
Mono: successfully reloaded assembly
- Completed reload, in  1.232 seconds
Domain Reload Profiling:
	ReloadAssembly (1233ms)
		BeginReloadAssembly (137ms)
			ExecutionOrderSort (0ms)
			DisableScriptedObjects (7ms)
			BackupInstance (0ms)
			ReleaseScriptingObjects (0ms)
			CreateAndSetChildDomain (42ms)
		EndReloadAssembly (1024ms)
			LoadAssemblies (111ms)
			RebuildTransferFunctionScriptingTraits (0ms)
			SetupTypeCache (397ms)
			ReleaseScriptCaches (1ms)
			RebuildScriptCaches (45ms)
			SetupLoadedEditorAssemblies (361ms)
				LogAssemblyErrors (0ms)
				InitializePlatformSupportModulesInManaged (7ms)
				SetLoadedEditorAssemblies (1ms)
				RefreshPlugins (0ms)
				BeforeProcessingInitializeOnLoad (76ms)
				ProcessInitializeOnLoadAttributes (257ms)
				ProcessInitializeOnLoadMethodAttributes (14ms)
				AfterProcessingInitializeOnLoad (6ms)
				EditorAssembliesLoaded (0ms)
			ExecutionOrderSort2 (0ms)
			AwakeInstancesAfterBackupRestoration (9ms)
Platform modules already initialized, skipping
Refreshing native plugins compatible for Editor in 0.41 ms, found 2 plugins.
Preloading 0 native plugins for Editor in 0.00 ms.
Unloading 1677 Unused Serialized files (Serialized files now loaded: 0)
System memory in use before: 92.2 MB.
System memory in use after: 92.3 MB.

Unloading 16 unused Assets to reduce memory usage. Loaded Objects now: 2174.
Total: 2.837400 ms (FindLiveObjects: 0.163000 ms CreateObjectMapping: 0.066100 ms MarkObjects: 2.547400 ms  DeleteObjects: 0.059300 ms)

AssetImportParameters requested are different than current active one (requested -> active):
  custom:framework-win-MediaFoundation: 216162199b28c13a410421893ffa2e32 -> 
  custom:video-decoder-ogg-theora: a1e56fd34408186e4bbccfd4996cb3dc -> 
  custom:container-muxer-webm: aa71ff27fc2769a1b78a27578f13a17b -> 
  custom:container-demuxer-webm: 4f35f7cbe854078d1ac9338744f61a02 -> 
  custom:container-demuxer-ogg: 62fdf1f143b41e24485cea50d1cbac27 -> 
  custom:video-encoder-webm-vp8: eb34c28f22e8b96e1ab97ce403110664 -> 
  custom:video-decoder-webm-vp8: 9c59270c3fd7afecdb556c50c9e8de78 -> 
  custom:audio-decoder-ogg-vorbis: bf7c407c2cedff20999df2af8eb42d56 -> 
  custom:audio-encoder-webm-vorbis: bf7c407c2cedff20999df2af8eb42d56 -> 
========================================================================
Received Import Request.
  Time since last request: 436.157573 seconds.
  path: Assets/CoffeeShopStarterPack/Manual.pdf
  artifactKey: Guid(cbf9cb7fff14d45db91136934681ef0b) Importer(815301076,1909f56bfc062723c751e8b465ee728b)
Start importing Assets/CoffeeShopStarterPack/Manual.pdf using Guid(cbf9cb7fff14d45db91136934681ef0b) Importer(815301076,1909f56bfc062723c751e8b465ee728b)  -> (artifact id: '0b95ca28950e5d90578f586ebbd73323') in 0.020834 seconds 
  Import took 0.024705 seconds .

========================================================================
Received Import Request.
  Time since last request: 1.422811 seconds.
  path: Assets/CoffeeShopStarterPack/Animations
  artifactKey: Guid(6f06c885f68e1475c8ca143144f4e940) Importer(815301076,1909f56bfc062723c751e8b465ee728b)
Start importing Assets/CoffeeShopStarterPack/Animations using Guid(6f06c885f68e1475c8ca143144f4e940) Importer(815301076,1909f56bfc062723c751e8b465ee728b)  -> (artifact id: '565fb167d87cc7afeec277cb0ae41045') in 0.003577 seconds 
  Import took 0.008259 seconds .

========================================================================
Received Import Request.
  Time since last request: 2.247325 seconds.
  path: Assets/CoffeeShopStarterPack/Scripts
  artifactKey: Guid(0d24cecdd02d64c0287ffd23007da5fd) Importer(815301076,1909f56bfc062723c751e8b465ee728b)
Start importing Assets/CoffeeShopStarterPack/Scripts using Guid(0d24cecdd02d64c0287ffd23007da5fd) Importer(815301076,1909f56bfc062723c751e8b465ee728b)  -> (artifact id: 'ab0b16bedec3fa8c7d8daade2f0d2780') in 0.003674 seconds 
  Import took 0.007633 seconds .

========================================================================
Received Import Request.
  Time since last request: 4.314780 seconds.
  path: Assets/CoffeeShopStarterPack/Prefabs/OrderGenerator.prefab
  artifactKey: Guid(4dee7bea4c4584015894b8d911e97c4c) Importer(815301076,1909f56bfc062723c751e8b465ee728b)
Start importing Assets/CoffeeShopStarterPack/Prefabs/OrderGenerator.prefab using Guid(4dee7bea4c4584015894b8d911e97c4c) Importer(815301076,1909f56bfc062723c751e8b465ee728b)  -> (artifact id: 'ef81b9eed3e93d855ee957f624e3ec2a') in 0.040690 seconds 
  Import took 0.045173 seconds .

========================================================================
Received Import Request.
  Time since last request: 0.000562 seconds.
  path: Assets/CoffeeShopStarterPack/Prefabs/PW_cupcake_cherry.prefab
  artifactKey: Guid(75221d19731aa453d81714a24451c72a) Importer(815301076,1909f56bfc062723c751e8b465ee728b)
Start importing Assets/CoffeeShopStarterPack/Prefabs/PW_cupcake_cherry.prefab using Guid(75221d19731aa453d81714a24451c72a) Importer(815301076,1909f56bfc062723c751e8b465ee728b)  -> (artifact id: 'e1f2a1ad931fd8acd24cd357f8018a4a') in 0.064493 seconds 
  Import took 0.068624 seconds .

========================================================================
Received Import Request.
  Time since last request: 0.000334 seconds.
  path: Assets/CoffeeShopStarterPack/Prefabs/PW_cupcake_oreo.prefab
  artifactKey: Guid(7c313b72ae95e4454901041fa86d8984) Importer(815301076,1909f56bfc062723c751e8b465ee728b)
Start importing Assets/CoffeeShopStarterPack/Prefabs/PW_cupcake_oreo.prefab using Guid(7c313b72ae95e4454901041fa86d8984) Importer(815301076,1909f56bfc062723c751e8b465ee728b)  -> (artifact id: '4fd0d3d0c37fcaef22c77906508f107a') in 0.021090 seconds 
  Import took 0.025124 seconds .

========================================================================
Received Import Request.
  Time since last request: 0.000693 seconds.
  path: Assets/CoffeeShopStarterPack/Prefabs/PW_cup02.prefab
  artifactKey: Guid(712bb278659f44938ada3e91dbb4c0f9) Importer(815301076,1909f56bfc062723c751e8b465ee728b)
Start importing Assets/CoffeeShopStarterPack/Prefabs/PW_cup02.prefab using Guid(712bb278659f44938ada3e91dbb4c0f9) Importer(815301076,1909f56bfc062723c751e8b465ee728b)  -> (artifact id: 'fb7dc53c1db1156f0baf7762dd0be3cc') in 0.036464 seconds 
  Import took 0.044564 seconds .

========================================================================
Received Import Request.
  Time since last request: 0.002625 seconds.
  path: Assets/CoffeeShopStarterPack/Prefabs/PW_cupboard_corner.prefab
  artifactKey: Guid(2c04cf954647e43589c56b0df4058564) Importer(815301076,1909f56bfc062723c751e8b465ee728b)
Start importing Assets/CoffeeShopStarterPack/Prefabs/PW_cupboard_corner.prefab using Guid(2c04cf954647e43589c56b0df4058564) Importer(815301076,1909f56bfc062723c751e8b465ee728b)  -> (artifact id: '358bff1d58409fe1b01d47a5fd1a31f5') in 0.022258 seconds 
  Import took 0.030910 seconds .

========================================================================
Received Import Request.
  Time since last request: 0.001112 seconds.
  path: Assets/CoffeeShopStarterPack/Prefabs/PW_cup03.prefab
  artifactKey: Guid(f1014df0302d8494dace54e1a35a1d74) Importer(815301076,1909f56bfc062723c751e8b465ee728b)
Start importing Assets/CoffeeShopStarterPack/Prefabs/PW_cup03.prefab using Guid(f1014df0302d8494dace54e1a35a1d74) Importer(815301076,1909f56bfc062723c751e8b465ee728b)  -> (artifact id: '0b76016e35ca5207bfe68102a5c6ec01') in 0.023832 seconds 
  Import took 0.038450 seconds .

========================================================================
Received Import Request.
  Time since last request: 0.000825 seconds.
  path: Assets/CoffeeShopStarterPack/Prefabs/PW_cheesecake_strawberry.prefab
  artifactKey: Guid(31cd80546c3d1474f9335e444db120ee) Importer(815301076,1909f56bfc062723c751e8b465ee728b)
Start importing Assets/CoffeeShopStarterPack/Prefabs/PW_cheesecake_strawberry.prefab using Guid(31cd80546c3d1474f9335e444db120ee) Importer(815301076,1909f56bfc062723c751e8b465ee728b)  -> (artifact id: 'f2a434bfc493f37616e84363b8828557') in 0.023560 seconds 
  Import took 0.030196 seconds .

========================================================================
Received Import Request.
  Time since last request: 0.000260 seconds.
  path: Assets/CoffeeShopStarterPack/Prefabs/PW_display03.prefab
  artifactKey: Guid(2c597a3dd113e42e5b84bb1441c18690) Importer(815301076,1909f56bfc062723c751e8b465ee728b)
Start importing Assets/CoffeeShopStarterPack/Prefabs/PW_display03.prefab using Guid(2c597a3dd113e42e5b84bb1441c18690) Importer(815301076,1909f56bfc062723c751e8b465ee728b)  -> (artifact id: '2acded620c002ee3a4af86f5e6caca9f') in 0.358618 seconds 
  Import took 0.363073 seconds .

========================================================================
Received Import Request.
  Time since last request: 0.000296 seconds.
  path: Assets/CoffeeShopStarterPack/Prefabs/PW_cheesecake_chocolatte.prefab
  artifactKey: Guid(bb5b37d8246d44e598c671792c3ac74a) Importer(815301076,1909f56bfc062723c751e8b465ee728b)
Start importing Assets/CoffeeShopStarterPack/Prefabs/PW_cheesecake_chocolatte.prefab using Guid(bb5b37d8246d44e598c671792c3ac74a) Importer(815301076,1909f56bfc062723c751e8b465ee728b)  -> (artifact id: '04ff1c7250050338e9911099921d57b2') in 0.020127 seconds 
  Import took 0.024948 seconds .

========================================================================
Received Import Request.
  Time since last request: 0.000955 seconds.
  path: Assets/CoffeeShopStarterPack/Prefabs/PW_cookie.prefab
  artifactKey: Guid(17ac7eebcd6e04cc1909e60b6bc2fc01) Importer(815301076,1909f56bfc062723c751e8b465ee728b)
Start importing Assets/CoffeeShopStarterPack/Prefabs/PW_cookie.prefab using Guid(17ac7eebcd6e04cc1909e60b6bc2fc01) Importer(815301076,1909f56bfc062723c751e8b465ee728b)  -> (artifact id: 'a23514825c7f84e3ea860c2f1e12aa5c') in 0.027967 seconds 
  Import took 0.032898 seconds .

========================================================================
Received Import Request.
  Time since last request: 0.000934 seconds.
  path: Assets/CoffeeShopStarterPack/Prefabs/PW_croissant_toserve.prefab
  artifactKey: Guid(b4ed931ca91f741b6a600b8a20639eed) Importer(815301076,1909f56bfc062723c751e8b465ee728b)
Start importing Assets/CoffeeShopStarterPack/Prefabs/PW_croissant_toserve.prefab using Guid(b4ed931ca91f741b6a600b8a20639eed) Importer(815301076,1909f56bfc062723c751e8b465ee728b)  -> (artifact id: '7c4196ad92d4a4f634bf50fb2b2e11a9') in 0.030662 seconds 
  Import took 0.035619 seconds .

========================================================================
Received Import Request.
  Time since last request: 0.000357 seconds.
  path: Assets/CoffeeShopStarterPack/Prefabs/PW_display01.prefab
  artifactKey: Guid(fbbf1aaff00e94748a4a8f9d6a37714d) Importer(815301076,1909f56bfc062723c751e8b465ee728b)
Start importing Assets/CoffeeShopStarterPack/Prefabs/PW_display01.prefab using Guid(fbbf1aaff00e94748a4a8f9d6a37714d) Importer(815301076,1909f56bfc062723c751e8b465ee728b)  -> (artifact id: 'dacb51cf283c643f83f31e86c2460f04') in 0.036209 seconds 
  Import took 0.040360 seconds .

========================================================================
Received Import Request.
  Time since last request: 0.000355 seconds.
  path: Assets/CoffeeShopStarterPack/Prefabs/PW_cupcake_chocolattechips.prefab
  artifactKey: Guid(5e6527792754e41d48aec14c1dafd8af) Importer(815301076,1909f56bfc062723c751e8b465ee728b)
Start importing Assets/CoffeeShopStarterPack/Prefabs/PW_cupcake_chocolattechips.prefab using Guid(5e6527792754e41d48aec14c1dafd8af) Importer(815301076,1909f56bfc062723c751e8b465ee728b)  -> (artifact id: '90a435a21e419643686d361acf7261e5') in 0.025284 seconds 
  Import took 0.031215 seconds .

========================================================================
Received Import Request.
  Time since last request: 0.002226 seconds.
  path: Assets/CoffeeShopStarterPack/Prefabs/PW_cupboard_narrow.prefab
  artifactKey: Guid(b8c3087888fc448acb63e643fea215d3) Importer(815301076,1909f56bfc062723c751e8b465ee728b)
Start importing Assets/CoffeeShopStarterPack/Prefabs/PW_cupboard_narrow.prefab using Guid(b8c3087888fc448acb63e643fea215d3) Importer(815301076,1909f56bfc062723c751e8b465ee728b)  -> (artifact id: '6c16a94544a89ee927ae4537e0a1e9a8') in 0.022386 seconds 
  Import took 0.029806 seconds .

========================================================================
Received Import Request.
  Time since last request: 0.000373 seconds.
  path: Assets/CoffeeShopStarterPack/Prefabs/PW_cupboard01.prefab
  artifactKey: Guid(31264236aa69f49fba6ca492242bd217) Importer(815301076,1909f56bfc062723c751e8b465ee728b)
Start importing Assets/CoffeeShopStarterPack/Prefabs/PW_cupboard01.prefab using Guid(31264236aa69f49fba6ca492242bd217) Importer(815301076,1909f56bfc062723c751e8b465ee728b)  -> (artifact id: '13e3d90118026153d7ebe46a51b19079') in 0.023629 seconds 
  Import took 0.032184 seconds .

========================================================================
Received Import Request.
  Time since last request: 0.000487 seconds.
  path: Assets/CoffeeShopStarterPack/Prefabs/PW_display02.prefab
  artifactKey: Guid(a053e34ccc3a9480ca81efece4e7cfa9) Importer(815301076,1909f56bfc062723c751e8b465ee728b)
Start importing Assets/CoffeeShopStarterPack/Prefabs/PW_display02.prefab using Guid(a053e34ccc3a9480ca81efece4e7cfa9) Importer(815301076,1909f56bfc062723c751e8b465ee728b)  -> (artifact id: '1c59fe6c5d15383477cea1fb4dc4b200') in 0.024105 seconds 
  Import took 0.036368 seconds .

========================================================================
Received Import Request.
  Time since last request: 0.000623 seconds.
  path: Assets/CoffeeShopStarterPack/Prefabs/PW_cheesecake_lime.prefab
  artifactKey: Guid(7989684eaf7d44a699019d7be7625a2d) Importer(815301076,1909f56bfc062723c751e8b465ee728b)
Start importing Assets/CoffeeShopStarterPack/Prefabs/PW_cheesecake_lime.prefab using Guid(7989684eaf7d44a699019d7be7625a2d) Importer(815301076,1909f56bfc062723c751e8b465ee728b)  -> (artifact id: '84491819a3154d17065d1928e8d8eb7e') in 0.021743 seconds 
  Import took 0.029328 seconds .

========================================================================
Received Import Request.
  Time since last request: 0.000378 seconds.
  path: Assets/CoffeeShopStarterPack/Prefabs/PW_cupcake_redvelvet.prefab
  artifactKey: Guid(450f6d2399809488dab3e957dfe78299) Importer(815301076,1909f56bfc062723c751e8b465ee728b)
Start importing Assets/CoffeeShopStarterPack/Prefabs/PW_cupcake_redvelvet.prefab using Guid(450f6d2399809488dab3e957dfe78299) Importer(815301076,1909f56bfc062723c751e8b465ee728b)  -> (artifact id: 'a1aa6d648e50587671568375a08e2e19') in 0.041485 seconds 
  Import took 0.045914 seconds .

========================================================================
Received Import Request.
  Time since last request: 0.000394 seconds.
  path: Assets/CoffeeShopStarterPack/Prefabs/PW_cupboard02.prefab
  artifactKey: Guid(af9cdd9ba10234507875bb32ff50333b) Importer(815301076,1909f56bfc062723c751e8b465ee728b)
Start importing Assets/CoffeeShopStarterPack/Prefabs/PW_cupboard02.prefab using Guid(af9cdd9ba10234507875bb32ff50333b) Importer(815301076,1909f56bfc062723c751e8b465ee728b)  -> (artifact id: '47c76d72c544fa23d4e8b78c5d55b2d1') in 0.025592 seconds 
  Import took 0.032926 seconds .

========================================================================
Received Import Request.
  Time since last request: 0.000454 seconds.
  path: Assets/CoffeeShopStarterPack/Prefabs/PW_cheesecake_blueberry.prefab
  artifactKey: Guid(3543dbd2cbef54b4395a83d1e32f7419) Importer(815301076,1909f56bfc062723c751e8b465ee728b)
Start importing Assets/CoffeeShopStarterPack/Prefabs/PW_cheesecake_blueberry.prefab using Guid(3543dbd2cbef54b4395a83d1e32f7419) Importer(815301076,1909f56bfc062723c751e8b465ee728b)  -> (artifact id: 'c75402d4344aebbe98e28ef08d8dd81d') in 0.024204 seconds 
  Import took 0.030569 seconds .

========================================================================
Received Import Request.
  Time since last request: 0.001799 seconds.
  path: Assets/CoffeeShopStarterPack/Prefabs/PW_croissant.prefab
  artifactKey: Guid(9007700338d194bd18e3086f4600a7ea) Importer(815301076,1909f56bfc062723c751e8b465ee728b)
Start importing Assets/CoffeeShopStarterPack/Prefabs/PW_croissant.prefab using Guid(9007700338d194bd18e3086f4600a7ea) Importer(815301076,1909f56bfc062723c751e8b465ee728b)  -> (artifact id: '72c6e26a45df61ef8dc0e4b19889679e') in 0.027209 seconds 
  Import took 0.033656 seconds .

========================================================================
Received Import Request.
  Time since last request: 0.000449 seconds.
  path: Assets/CoffeeShopStarterPack/Prefabs/PW_cup01.prefab
  artifactKey: Guid(8d57f19c265de49429f0074af4e75232) Importer(815301076,1909f56bfc062723c751e8b465ee728b)
Start importing Assets/CoffeeShopStarterPack/Prefabs/PW_cup01.prefab using Guid(8d57f19c265de49429f0074af4e75232) Importer(815301076,1909f56bfc062723c751e8b465ee728b)  -> (artifact id: 'c24b905aa5d94d8c68d4c68511b7ac71') in 0.025659 seconds 
  Import took 0.032863 seconds .

========================================================================
Received Import Request.
  Time since last request: 1.985899 seconds.
  path: Assets/CoffeeShopStarterPack/Scenes
  artifactKey: Guid(b30e2cf3c01784edeb0a083089712b15) Importer(815301076,1909f56bfc062723c751e8b465ee728b)
Start importing Assets/CoffeeShopStarterPack/Scenes using Guid(b30e2cf3c01784edeb0a083089712b15) Importer(815301076,1909f56bfc062723c751e8b465ee728b)  -> (artifact id: 'e3cac83ed2cc152bd133329131577ddf') in 0.004249 seconds 
  Import took 0.010212 seconds .

========================================================================
Received Import Request.
  Time since last request: 4.558161 seconds.
  path: Assets/CoffeeShopStarterPack/Scenes/DecorativeScene.unity
  artifactKey: Guid(f3e602352418f4efb888071ff0f28f12) Importer(815301076,1909f56bfc062723c751e8b465ee728b)
Start importing Assets/CoffeeShopStarterPack/Scenes/DecorativeScene.unity using Guid(f3e602352418f4efb888071ff0f28f12) Importer(815301076,1909f56bfc062723c751e8b465ee728b)  -> (artifact id: '949b55a9d3017805a00ad508712abcdb') in 0.002808 seconds 
  Import took 0.006926 seconds .

========================================================================
Received Import Request.
  Time since last request: 2.984991 seconds.
  path: Assets/CoffeeShopStarterPack/Scenes/GameplayScene.unity
  artifactKey: Guid(54b91dada95464896b59abb87c70cccc) Importer(815301076,1909f56bfc062723c751e8b465ee728b)
Start importing Assets/CoffeeShopStarterPack/Scenes/GameplayScene.unity using Guid(54b91dada95464896b59abb87c70cccc) Importer(815301076,1909f56bfc062723c751e8b465ee728b)  -> (artifact id: '76b3931b346b15a63cc80391c0022c28') in 0.005689 seconds 
  Import took 0.012178 seconds .

========================================================================
Received Import Request.
  Time since last request: 1.315035 seconds.
  path: Assets/CoffeeShopStarterPack/Scenes/InteractableObjects.unity
  artifactKey: Guid(7f488add6216047ba9cedbecc145fac2) Importer(815301076,1909f56bfc062723c751e8b465ee728b)
Start importing Assets/CoffeeShopStarterPack/Scenes/InteractableObjects.unity using Guid(7f488add6216047ba9cedbecc145fac2) Importer(815301076,1909f56bfc062723c751e8b465ee728b)  -> (artifact id: 'd520f88972f01bb82e0ca33224442290') in 0.004870 seconds 
  Import took 0.009201 seconds .

========================================================================
Received Import Request.
  Time since last request: 154.537764 seconds.
  path: Assets/CoffeeShopStarterPack/Textures/bar.png
  artifactKey: Guid(9f5b42e6619444d599114333c7341d05) Importer(815301076,1909f56bfc062723c751e8b465ee728b)
Start importing Assets/CoffeeShopStarterPack/Textures/bar.png using Guid(9f5b42e6619444d599114333c7341d05) Importer(815301076,1909f56bfc062723c751e8b465ee728b)  -> (artifact id: 'eaa1f0a42aa84f8c7291ea273583b29d') in 0.050658 seconds 
  Import took 0.055668 seconds .

========================================================================
Received Import Request.
  Time since last request: 0.000415 seconds.
  path: Assets/CoffeeShopStarterPack/Textures/progress.png
  artifactKey: Guid(003cb69feba5143378ea4f492111e941) Importer(815301076,1909f56bfc062723c751e8b465ee728b)
Start importing Assets/CoffeeShopStarterPack/Textures/progress.png using Guid(003cb69feba5143378ea4f492111e941) Importer(815301076,1909f56bfc062723c751e8b465ee728b)  -> (artifact id: '06609a07b43b06bb40f1bf5980ad076f') in 0.017989 seconds 
  Import took 0.024406 seconds .

========================================================================
Received Import Request.
  Time since last request: 0.000742 seconds.
  path: Assets/CoffeeShopStarterPack/Textures/coffee_particle.png
  artifactKey: Guid(06b26642f4b1d49c4abde0bf70c5cf8a) Importer(815301076,1909f56bfc062723c751e8b465ee728b)
Start importing Assets/CoffeeShopStarterPack/Textures/coffee_particle.png using Guid(06b26642f4b1d49c4abde0bf70c5cf8a) Importer(815301076,1909f56bfc062723c751e8b465ee728b)  -> (artifact id: 'b86f10ff074bd17c089d29cfe1eb4be6') in 0.020046 seconds 
  Import took 0.025596 seconds .

========================================================================
Received Import Request.
  Time since last request: 0.000482 seconds.
  path: Assets/CoffeeShopStarterPack/Textures/color_palette02.png
  artifactKey: Guid(085663e8fdbdf45e4b764579ce922057) Importer(815301076,1909f56bfc062723c751e8b465ee728b)
Start importing Assets/CoffeeShopStarterPack/Textures/color_palette02.png using Guid(085663e8fdbdf45e4b764579ce922057) Importer(815301076,1909f56bfc062723c751e8b465ee728b)  -> (artifact id: '5b9d59acb4245e1b9ac267769a769403') in 0.022770 seconds 
  Import took 0.028525 seconds .

========================================================================
Received Import Request.
  Time since last request: 4.774767 seconds.
  path: Assets/Scenes/Chef Codey.unity
  artifactKey: Guid(9fc0d4010bbf28b4594072e72b8655ab) Importer(815301076,1909f56bfc062723c751e8b465ee728b)
Start importing Assets/Scenes/Chef Codey.unity using Guid(9fc0d4010bbf28b4594072e72b8655ab) Importer(815301076,1909f56bfc062723c751e8b465ee728b)  -> (artifact id: 'c5c90574a9f81415d40d29e9ac211c3b') in 0.009630 seconds 
  Import took 0.017259 seconds .

========================================================================
Received Prepare
Registering precompiled user dll's ...
Registered in 0.006725 seconds.
Begin MonoManager ReloadAssembly
Native extension for WindowsStandalone target not found
Native extension for WebGL target not found
Refreshing native plugins compatible for Editor in 0.33 ms, found 2 plugins.
Preloading 0 native plugins for Editor in 0.00 ms.
Mono: successfully reloaded assembly
- Completed reload, in  1.047 seconds
Domain Reload Profiling:
	ReloadAssembly (1048ms)
		BeginReloadAssembly (159ms)
			ExecutionOrderSort (0ms)
			DisableScriptedObjects (5ms)
			BackupInstance (0ms)
			ReleaseScriptingObjects (0ms)
			CreateAndSetChildDomain (73ms)
		EndReloadAssembly (829ms)
			LoadAssemblies (99ms)
			RebuildTransferFunctionScriptingTraits (0ms)
			SetupTypeCache (298ms)
			ReleaseScriptCaches (1ms)
			RebuildScriptCaches (45ms)
			SetupLoadedEditorAssemblies (312ms)
				LogAssemblyErrors (0ms)
				InitializePlatformSupportModulesInManaged (5ms)
				SetLoadedEditorAssemblies (0ms)
				RefreshPlugins (0ms)
				BeforeProcessingInitializeOnLoad (78ms)
				ProcessInitializeOnLoadAttributes (213ms)
				ProcessInitializeOnLoadMethodAttributes (9ms)
				AfterProcessingInitializeOnLoad (5ms)
				EditorAssembliesLoaded (0ms)
			ExecutionOrderSort2 (0ms)
			AwakeInstancesAfterBackupRestoration (6ms)
Platform modules already initialized, skipping
Refreshing native plugins compatible for Editor in 0.39 ms, found 2 plugins.
Preloading 0 native plugins for Editor in 0.00 ms.
Unloading 1677 Unused Serialized files (Serialized files now loaded: 0)
System memory in use before: 92.3 MB.
System memory in use after: 92.4 MB.

Unloading 17 unused Assets to reduce memory usage. Loaded Objects now: 2182.
Total: 2.572200 ms (FindLiveObjects: 0.260600 ms CreateObjectMapping: 0.060400 ms MarkObjects: 2.135200 ms  DeleteObjects: 0.112200 ms)

AssetImportParameters requested are different than current active one (requested -> active):
  custom:framework-win-MediaFoundation: 216162199b28c13a410421893ffa2e32 -> 
  custom:video-decoder-ogg-theora: a1e56fd34408186e4bbccfd4996cb3dc -> 
  custom:container-muxer-webm: aa71ff27fc2769a1b78a27578f13a17b -> 
  custom:container-demuxer-webm: 4f35f7cbe854078d1ac9338744f61a02 -> 
  custom:container-demuxer-ogg: 62fdf1f143b41e24485cea50d1cbac27 -> 
  custom:video-encoder-webm-vp8: eb34c28f22e8b96e1ab97ce403110664 -> 
  custom:video-decoder-webm-vp8: 9c59270c3fd7afecdb556c50c9e8de78 -> 
  custom:audio-decoder-ogg-vorbis: bf7c407c2cedff20999df2af8eb42d56 -> 
  custom:audio-encoder-webm-vorbis: bf7c407c2cedff20999df2af8eb42d56 -> 
========================================================================
Received Prepare
Registering precompiled user dll's ...
Registered in 0.016656 seconds.
Begin MonoManager ReloadAssembly
Native extension for WindowsStandalone target not found
Native extension for WebGL target not found
Refreshing native plugins compatible for Editor in 0.70 ms, found 2 plugins.
Preloading 0 native plugins for Editor in 0.00 ms.
Mono: successfully reloaded assembly
- Completed reload, in  2.753 seconds
Domain Reload Profiling:
	ReloadAssembly (2754ms)
		BeginReloadAssembly (295ms)
			ExecutionOrderSort (0ms)
			DisableScriptedObjects (21ms)
			BackupInstance (0ms)
			ReleaseScriptingObjects (0ms)
			CreateAndSetChildDomain (83ms)
		EndReloadAssembly (2263ms)
			LoadAssemblies (309ms)
			RebuildTransferFunctionScriptingTraits (0ms)
			SetupTypeCache (929ms)
			ReleaseScriptCaches (3ms)
			RebuildScriptCaches (115ms)
			SetupLoadedEditorAssemblies (608ms)
				LogAssemblyErrors (0ms)
				InitializePlatformSupportModulesInManaged (25ms)
				SetLoadedEditorAssemblies (1ms)
				RefreshPlugins (1ms)
				BeforeProcessingInitializeOnLoad (190ms)
				ProcessInitializeOnLoadAttributes (376ms)
				ProcessInitializeOnLoadMethodAttributes (9ms)
				AfterProcessingInitializeOnLoad (5ms)
				EditorAssembliesLoaded (0ms)
			ExecutionOrderSort2 (0ms)
			AwakeInstancesAfterBackupRestoration (5ms)
Platform modules already initialized, skipping
Shader 'Hidden/FXAA Preset 2': fallback shader 'Hidden/FXAA II' not found
Shader 'Hidden/FXAA Preset 3': fallback shader 'Hidden/FXAA II' not found
Shader 'Toon/Lit Outline': fallback shader 'Toon/Lit' not found
WARNING: Shader Unsupported: 'Toon/Lit Outline' - All subshaders removed
WARNING: Shader Did you use #pragma only_renderers and omit this platform?
WARNING: Shader If subshaders removal was intentional, you may have forgotten turning Fallback off?
WARNING: Shader Unsupported: 'Toon/Lit Outline' - All subshaders removed
WARNING: Shader Did you use #pragma only_renderers and omit this platform?
WARNING: Shader If subshaders removal was intentional, you may have forgotten turning Fallback off?
Refreshing native plugins compatible for Editor in 0.40 ms, found 2 plugins.
Preloading 0 native plugins for Editor in 0.00 ms.
Unloading 1806 Unused Serialized files (Serialized files now loaded: 0)
System memory in use before: 113.7 MB.
System memory in use after: 103.7 MB.

Unloading 97 unused Assets to reduce memory usage. Loaded Objects now: 2233.
Total: 5.274900 ms (FindLiveObjects: 0.141800 ms CreateObjectMapping: 0.054000 ms MarkObjects: 2.290000 ms  DeleteObjects: 2.788000 ms)

AssetImportParameters requested are different than current active one (requested -> active):
  custom:framework-win-MediaFoundation: 216162199b28c13a410421893ffa2e32 -> 
  custom:video-decoder-ogg-theora: a1e56fd34408186e4bbccfd4996cb3dc -> 
  custom:container-muxer-webm: aa71ff27fc2769a1b78a27578f13a17b -> 
  custom:container-demuxer-webm: 4f35f7cbe854078d1ac9338744f61a02 -> 
  custom:container-demuxer-ogg: 62fdf1f143b41e24485cea50d1cbac27 -> 
  custom:video-encoder-webm-vp8: eb34c28f22e8b96e1ab97ce403110664 -> 
  custom:video-decoder-webm-vp8: 9c59270c3fd7afecdb556c50c9e8de78 -> 
  custom:audio-decoder-ogg-vorbis: bf7c407c2cedff20999df2af8eb42d56 -> 
  custom:audio-encoder-webm-vorbis: bf7c407c2cedff20999df2af8eb42d56 -> 
========================================================================
Received Import Request.
  Time since last request: 742.372460 seconds.
  path: Assets/Table and chair/Others
  artifactKey: Guid(da4e6c684d7b69b40996fd9559bf2362) Importer(815301076,1909f56bfc062723c751e8b465ee728b)
Start importing Assets/Table and chair/Others using Guid(da4e6c684d7b69b40996fd9559bf2362) Importer(815301076,1909f56bfc062723c751e8b465ee728b)  -> (artifact id: '4c60bf2d15a9c9fc9afbb04cf6a92afe') in 0.006857 seconds 
  Import took 0.010264 seconds .

========================================================================
Received Import Request.
  Time since last request: 0.709170 seconds.
  path: Assets/Table and chair/Others/Material.mat
  artifactKey: Guid(4527450593fbb204589811695f983a44) Importer(815301076,1909f56bfc062723c751e8b465ee728b)
Start importing Assets/Table and chair/Others/Material.mat using Guid(4527450593fbb204589811695f983a44) Importer(815301076,1909f56bfc062723c751e8b465ee728b)  -> (artifact id: '0c9fdcbbe4b12235435f94f7cc07dc7e') in 0.153857 seconds 
  Import took 0.157864 seconds .

========================================================================
Received Import Request.
  Time since last request: 3.807053 seconds.
  path: Assets/Textures/CodeyTexture.jpg
  artifactKey: Guid(495f0c5f80111714abd9d375e2235087) Importer(815301076,1909f56bfc062723c751e8b465ee728b)
Start importing Assets/Textures/CodeyTexture.jpg using Guid(495f0c5f80111714abd9d375e2235087) Importer(815301076,1909f56bfc062723c751e8b465ee728b)  -> (artifact id: '250fcb07d4303673f7348004f733e95a') in 0.029351 seconds 
  Import took 0.035012 seconds .

========================================================================
Received Import Request.
  Time since last request: 2.933887 seconds.
  path: Assets/Table and chair/Table/Prefab
  artifactKey: Guid(1c4440f4e42fb8843943bcc6d6e25894) Importer(815301076,1909f56bfc062723c751e8b465ee728b)
Start importing Assets/Table and chair/Table/Prefab using Guid(1c4440f4e42fb8843943bcc6d6e25894) Importer(815301076,1909f56bfc062723c751e8b465ee728b)  -> (artifact id: '46fbfc2fb6ac7151c72847478449ad9b') in 0.003148 seconds 
  Import took 0.009818 seconds .

========================================================================
Received Import Request.
  Time since last request: 0.118537 seconds.
  path: Assets/Table and chair/Table/Prefab/Table.prefab
  artifactKey: Guid(83aae98f19433bf44bb2613869ec2b6c) Importer(815301076,1909f56bfc062723c751e8b465ee728b)
Start importing Assets/Table and chair/Table/Prefab/Table.prefab using Guid(83aae98f19433bf44bb2613869ec2b6c) Importer(815301076,1909f56bfc062723c751e8b465ee728b)  -> (artifact id: '64ed143e660f4f2da43e55fd429ffd93') in 0.352459 seconds 
  Import took 0.356907 seconds .

========================================================================
Received Import Request.
  Time since last request: 4.129709 seconds.
  path: Assets/Table and chair/Chair/Model/Chair.obj
  artifactKey: Guid(356323afbc2ef4945a31fd5474ae5969) Importer(815301076,1909f56bfc062723c751e8b465ee728b)
Start importing Assets/Table and chair/Chair/Model/Chair.obj using Guid(356323afbc2ef4945a31fd5474ae5969) Importer(815301076,1909f56bfc062723c751e8b465ee728b)  -> (artifact id: '2aa7f73e07593f9ea45ff9bde6ff0c22') in 0.058491 seconds 
  Import took 0.061974 seconds .

========================================================================
Received Import Request.
  Time since last request: 0.329588 seconds.
  path: Assets/Table and chair/Chair/Material/Chair_Material.mat
  artifactKey: Guid(6942da2462937ed4e8a3e5d9e873787e) Importer(815301076,1909f56bfc062723c751e8b465ee728b)
Start importing Assets/Table and chair/Chair/Material/Chair_Material.mat using Guid(6942da2462937ed4e8a3e5d9e873787e) Importer(815301076,1909f56bfc062723c751e8b465ee728b)  -> (artifact id: 'd5cf1d5f3aea8a9f61babaa108d9563c') in 0.032249 seconds 
  Import took 0.036011 seconds .

========================================================================
Received Import Request.
  Time since last request: 0.475036 seconds.
  path: Assets/Table and chair/Chair/Maps/Chair_diffuse.png
  artifactKey: Guid(9bf0d6a55b9ac474b83735882859ecad) Importer(815301076,1909f56bfc062723c751e8b465ee728b)
Start importing Assets/Table and chair/Chair/Maps/Chair_diffuse.png using Guid(9bf0d6a55b9ac474b83735882859ecad) Importer(815301076,1909f56bfc062723c751e8b465ee728b)  -> (artifact id: '8cd538e0a34caaf614365257f58aaf22') in 0.019712 seconds 
  Import took 0.024132 seconds .

========================================================================
Received Import Request.
  Time since last request: 0.000508 seconds.
  path: Assets/Table and chair/Chair/Maps/Chair_Normals.png
  artifactKey: Guid(28a0fb06640fd9f43a0199063234bdc6) Importer(815301076,1909f56bfc062723c751e8b465ee728b)
Start importing Assets/Table and chair/Chair/Maps/Chair_Normals.png using Guid(28a0fb06640fd9f43a0199063234bdc6) Importer(815301076,1909f56bfc062723c751e8b465ee728b)  -> (artifact id: '94fcf98c9db3f493c1aa316e475cd74f') in 0.030197 seconds 
  Import took 0.034968 seconds .

========================================================================
Received Import Request.
  Time since last request: 0.000393 seconds.
  path: Assets/Table and chair/Chair/Maps/Chair_Occlusion.png
  artifactKey: Guid(5954f0b71fc7e0040afc92d0c49cc027) Importer(815301076,1909f56bfc062723c751e8b465ee728b)
Start importing Assets/Table and chair/Chair/Maps/Chair_Occlusion.png using Guid(5954f0b71fc7e0040afc92d0c49cc027) Importer(815301076,1909f56bfc062723c751e8b465ee728b)  -> (artifact id: '7a960948bf20440acba33b24c0b96ca1') in 0.025570 seconds 
  Import took 0.031275 seconds .

========================================================================
Received Import Request.
  Time since last request: 2.908353 seconds.
  path: Assets/Table and chair/Chair/Prefab/Chair.prefab
  artifactKey: Guid(d7b762e2efec15745a46d6a07c9c119e) Importer(815301076,1909f56bfc062723c751e8b465ee728b)
Start importing Assets/Table and chair/Chair/Prefab/Chair.prefab using Guid(d7b762e2efec15745a46d6a07c9c119e) Importer(815301076,1909f56bfc062723c751e8b465ee728b)  -> (artifact id: '19082c45da6cc9a34862a655613c51f1') in 0.032351 seconds 
  Import took 0.036475 seconds .

========================================================================
Received Import Request.
  Time since last request: 1858.357147 seconds.
  path: Assets/CoffeeShopStarterPack/Models/PW_stove.fbx
  artifactKey: Guid(9f0519225c65144c0b637b15dda857c8) Importer(815301076,1909f56bfc062723c751e8b465ee728b)
Start importing Assets/CoffeeShopStarterPack/Models/PW_stove.fbx using Guid(9f0519225c65144c0b637b15dda857c8) Importer(815301076,1909f56bfc062723c751e8b465ee728b)  -> (artifact id: 'c6fc516137b769fd878add7fb0b4a331') in 0.122794 seconds 
  Import took 0.128900 seconds .

========================================================================
Received Import Request.
  Time since last request: 0.000458 seconds.
  path: Assets/CoffeeShopStarterPack/Models/PW_frenchtoast_olives.fbx
  artifactKey: Guid(32506361bb24d4533be5d8292f71db7c) Importer(815301076,1909f56bfc062723c751e8b465ee728b)
Start importing Assets/CoffeeShopStarterPack/Models/PW_frenchtoast_olives.fbx using Guid(32506361bb24d4533be5d8292f71db7c) Importer(815301076,1909f56bfc062723c751e8b465ee728b)  -> (artifact id: '4143ae1bf4254f87397d6cc7f4d5fe8c') in 0.106570 seconds 
  Import took 0.111666 seconds .

========================================================================
Received Import Request.
  Time since last request: 0.000336 seconds.
  path: Assets/Table and chair/Table/Model/Table.FBX
  artifactKey: Guid(91b21410e82326c41829a7cd5ef7ffae) Importer(815301076,1909f56bfc062723c751e8b465ee728b)
Start importing Assets/Table and chair/Table/Model/Table.FBX using Guid(91b21410e82326c41829a7cd5ef7ffae) Importer(815301076,1909f56bfc062723c751e8b465ee728b)  -> (artifact id: '90a47409e6270ed7eafd070ade5469c4') in 0.040245 seconds 
  Import took 0.045915 seconds .

========================================================================
Received Import Request.
  Time since last request: 0.000386 seconds.
  path: Assets/CoffeeShopStarterPack/Models/PW_frenchtoas_cherry_tomato.fbx
  artifactKey: Guid(381eb029d06ce4246b00b6361a470447) Importer(815301076,1909f56bfc062723c751e8b465ee728b)
Start importing Assets/CoffeeShopStarterPack/Models/PW_frenchtoas_cherry_tomato.fbx using Guid(381eb029d06ce4246b00b6361a470447) Importer(815301076,1909f56bfc062723c751e8b465ee728b)  -> (artifact id: '48969fcf26a2d93ffa71c80b2c943e07') in 0.100620 seconds 
  Import took 0.104998 seconds .

========================================================================
Received Import Request.
  Time since last request: 0.000442 seconds.
  path: Assets/CoffeeShopStarterPack/Models/PW_frenchtoast_egg.fbx
  artifactKey: Guid(d0a13566fccc4419e80b4d16455148d1) Importer(815301076,1909f56bfc062723c751e8b465ee728b)
Start importing Assets/CoffeeShopStarterPack/Models/PW_frenchtoast_egg.fbx using Guid(d0a13566fccc4419e80b4d16455148d1) Importer(815301076,1909f56bfc062723c751e8b465ee728b)  -> (artifact id: '96b95ceda05ea14c5a40fca834d31d57') in 0.083132 seconds 
  Import took 0.087241 seconds .

========================================================================
Received Import Request.
  Time since last request: 0.000536 seconds.
  path: Assets/CoffeeShopStarterPack/Models/PW_frenchtoast_orange.fbx
  artifactKey: Guid(431a1f3c7d26d4211b41fec820994ad7) Importer(815301076,1909f56bfc062723c751e8b465ee728b)
Start importing Assets/CoffeeShopStarterPack/Models/PW_frenchtoast_orange.fbx using Guid(431a1f3c7d26d4211b41fec820994ad7) Importer(815301076,1909f56bfc062723c751e8b465ee728b)  -> (artifact id: 'cbce2d5f4b58f4ab05d23948561f759b') in 0.082500 seconds 
  Import took 0.086913 seconds .

========================================================================
Received Import Request.
  Time since last request: 0.000435 seconds.
  path: Assets/CoffeeShopStarterPack/Models/PW_frenchtoast_strawberry.fbx
  artifactKey: Guid(222ac09728f3b4b108ffe02260b42485) Importer(815301076,1909f56bfc062723c751e8b465ee728b)
Start importing Assets/CoffeeShopStarterPack/Models/PW_frenchtoast_strawberry.fbx using Guid(222ac09728f3b4b108ffe02260b42485) Importer(815301076,1909f56bfc062723c751e8b465ee728b)  -> (artifact id: '9e24b249e634aa39bae7e3c8bf8bad19') in 0.096382 seconds 
  Import took 0.100966 seconds .

========================================================================
Received Import Request.
  Time since last request: 0.247775 seconds.
  path: Assets/CoffeeShopStarterPack/Models/PW_toast_cheese.fbx
  artifactKey: Guid(e21bfea69265541d1903c3c13f943471) Importer(815301076,1909f56bfc062723c751e8b465ee728b)
Start importing Assets/CoffeeShopStarterPack/Models/PW_toast_cheese.fbx using Guid(e21bfea69265541d1903c3c13f943471) Importer(815301076,1909f56bfc062723c751e8b465ee728b)  -> (artifact id: '4c43e4f5c21683b376cd7ae0d84cd658') in 0.081436 seconds 
  Import took 0.085461 seconds .

========================================================================
Received Import Request.
  Time since last request: 0.065313 seconds.
  path: Assets/CoffeeShopStarterPack/Models/PW_cheesecake_blueberry.fbx
  artifactKey: Guid(eed7e310319bd46fe93f17de3399735e) Importer(815301076,1909f56bfc062723c751e8b465ee728b)
Start importing Assets/CoffeeShopStarterPack/Models/PW_cheesecake_blueberry.fbx using Guid(eed7e310319bd46fe93f17de3399735e) Importer(815301076,1909f56bfc062723c751e8b465ee728b)  -> (artifact id: '2e639559262f12cd08252c1b4e14abda') in 0.026656 seconds 
  Import took 0.030955 seconds .

========================================================================
Received Prepare
Registering precompiled user dll's ...
Registered in 0.003216 seconds.
Begin MonoManager ReloadAssembly
Native extension for WindowsStandalone target not found
Native extension for WebGL target not found
Refreshing native plugins compatible for Editor in 0.38 ms, found 2 plugins.
Preloading 0 native plugins for Editor in 0.00 ms.
Mono: successfully reloaded assembly
- Completed reload, in  0.973 seconds
Domain Reload Profiling:
	ReloadAssembly (973ms)
		BeginReloadAssembly (110ms)
			ExecutionOrderSort (0ms)
			DisableScriptedObjects (4ms)
			BackupInstance (0ms)
			ReleaseScriptingObjects (0ms)
			CreateAndSetChildDomain (34ms)
		EndReloadAssembly (803ms)
			LoadAssemblies (93ms)
			RebuildTransferFunctionScriptingTraits (0ms)
			SetupTypeCache (292ms)
			ReleaseScriptCaches (1ms)
			RebuildScriptCaches (39ms)
			SetupLoadedEditorAssemblies (308ms)
				LogAssemblyErrors (0ms)
				InitializePlatformSupportModulesInManaged (5ms)
				SetLoadedEditorAssemblies (1ms)
				RefreshPlugins (1ms)
				BeforeProcessingInitializeOnLoad (76ms)
				ProcessInitializeOnLoadAttributes (214ms)
				ProcessInitializeOnLoadMethodAttributes (7ms)
				AfterProcessingInitializeOnLoad (5ms)
				EditorAssembliesLoaded (0ms)
			ExecutionOrderSort2 (0ms)
			AwakeInstancesAfterBackupRestoration (5ms)
Platform modules already initialized, skipping
Refreshing native plugins compatible for Editor in 0.38 ms, found 2 plugins.
Preloading 0 native plugins for Editor in 0.00 ms.
Unloading 1805 Unused Serialized files (Serialized files now loaded: 0)
System memory in use before: 113.7 MB.
System memory in use after: 103.7 MB.

Unloading 97 unused Assets to reduce memory usage. Loaded Objects now: 2237.
Total: 5.437000 ms (FindLiveObjects: 0.169300 ms CreateObjectMapping: 0.047900 ms MarkObjects: 2.396200 ms  DeleteObjects: 2.822300 ms)

AssetImportParameters requested are different than current active one (requested -> active):
  custom:framework-win-MediaFoundation: 216162199b28c13a410421893ffa2e32 -> 
  custom:video-decoder-ogg-theora: a1e56fd34408186e4bbccfd4996cb3dc -> 
  custom:container-muxer-webm: aa71ff27fc2769a1b78a27578f13a17b -> 
  custom:container-demuxer-webm: 4f35f7cbe854078d1ac9338744f61a02 -> 
  custom:container-demuxer-ogg: 62fdf1f143b41e24485cea50d1cbac27 -> 
  custom:video-encoder-webm-vp8: eb34c28f22e8b96e1ab97ce403110664 -> 
  custom:video-decoder-webm-vp8: 9c59270c3fd7afecdb556c50c9e8de78 -> 
  custom:audio-decoder-ogg-vorbis: bf7c407c2cedff20999df2af8eb42d56 -> 
  custom:audio-encoder-webm-vorbis: bf7c407c2cedff20999df2af8eb42d56 -> 
AssetImportWorkerClient::OnTransportError - code=2 error=End of file
